108. Printing statistics.

=== counter_4bit ===

   Number of wires:                 11
   Number of wire bits:             14
   Number of public wires:           4
   Number of public wire bits:       7
   Number of ports:                  4
   Number of port bits:              7
   Number of memories:               0
   Number of memory bits:            0
   Number of processes:              0
   Number of cells:                 11
     sky130_fd_sc_hd__a21oi_2        1
     sky130_fd_sc_hd__and3_2         1
     sky130_fd_sc_hd__and4_2         1
     sky130_fd_sc_hd__dfrtp_2        4
     sky130_fd_sc_hd__nor2_2         1
     sky130_fd_sc_hd__o21ba_2        1
     sky130_fd_sc_hd__xor2_2         2

   Chip area for module '\counter_4bit': 180.172800
     of which used for sequential elements: 105.100800 (58.33%)

